<?xml version="1.0" encoding="UTF-8"?>
<testsuite name="tracker.SampleTest" tests="2" skipped="0" failures="0" errors="0" timestamp="2022-07-10T15:38:22" hostname="DESKTOP-4KPT752" time="0.038">
  <properties/>
  <testcase name="test()" classname="tracker.SampleTest" time="0.032"/>
  <testcase name="checkPoints()" classname="tracker.SampleTest" time="0.004"/>
  <system-out><![CDATA[1
correct
2
correct
3
correct
4
correct
]]></system-out>
  <system-err><![CDATA[]]></system-err>
</testsuite>
