<?xml version="1.0" encoding="UTF-8"?>
<testsuite name="tracker.SampleTest" tests="1" skipped="0" failures="0" errors="0" timestamp="2022-07-10T13:57:46" hostname="DESKTOP-4KPT752" time="0.032">
  <properties/>
  <testcase name="test()" classname="tracker.SampleTest" time="0.032"/>
  <system-out><![CDATA[]]></system-out>
  <system-err><![CDATA[]]></system-err>
</testsuite>
